<?xml version="1.0" encoding="UTF-8"?>
<robot generator="Robot 4.1.3 (Python 3.6.8 on linux)" generated="20220412 07:44:37.020" rpa="false" schemaversion="2">
<suite id="s1" name="01 Verify Info" source="/home/auto/work/pyATS/TEST_PJ/01_verify_info.robot">
<kw name="Setup" type="SETUP">
<kw name="use testbed &quot;${testbed}&quot;" library="ats.robot.pyATSRobot" sourcename="use testbed &quot;${testbed}&quot;">
<doc>Load testbed YAML file and instantiate testbed object</doc>
<status status="PASS" starttime="20220412 07:44:38.444" endtime="20220412 07:44:38.496"/>
</kw>
<kw name="connect to device &quot;cum01&quot;" library="ats.robot.pyATSRobot" sourcename="connect to device &quot;${device:[^&quot;]+}&quot;">
<doc>Connect to device connection as defined in testbed.yaml</doc>
<msg timestamp="20220412 07:44:38.497" level="INFO">Connecting to device 'Device cum01, type linux'</msg>
<msg timestamp="20220412 07:44:38.497" level="INFO">kwargs: {}</msg>
<msg timestamp="20220412 07:44:38.978" level="INFO">2022-04-12 07:44:38,499: %UNICON-INFO: +++ cum01 logfile /tmp/cum01-cli-20220412T074438498.log +++

2022-04-12 07:44:38,499: %UNICON-INFO: +++ Unicon plugin linux (unicon.plugins.linux) +++

2022-04-12 07:44:38,510: %UNICON-INFO: +++ connection to spawn: ssh -l root 172.17.0.3 -p 22, id: 140280235815376 +++

2022-04-12 07:44:38,514: %UNICON-INFO: connection to cum01
root@172.17.0.3's password: 
Linux leaf01 5.10.104-linuxkit #1 SMP Wed Mar 9 19:05:23 UTC 2022 x86_64
Last login: Tue Apr 12 07:43:18 2022 from 172.17.0.4
root@leaf01:~# 

2022-04-12 07:44:38,905: %UNICON-INFO: +++ initializing handle +++</msg>
<status status="PASS" starttime="20220412 07:44:38.496" endtime="20220412 07:44:38.979"/>
</kw>
<status status="PASS" starttime="20220412 07:44:38.443" endtime="20220412 07:44:38.979"/>
</kw>
<test id="s1-t1" name="Initialize">
<kw name="use testbed &quot;${testbed}&quot;" library="ats.robot.pyATSRobot" sourcename="use testbed &quot;${testbed}&quot;">
<doc>Load testbed YAML file and instantiate testbed object</doc>
<status status="PASS" starttime="20220412 07:44:38.982" endtime="20220412 07:44:38.995"/>
</kw>
<kw name="connect to all devices" library="ats.robot.pyATSRobot">
<doc>Connect to all devices</doc>
<msg timestamp="20220412 07:44:38.999" level="INFO">Connecting to device 'Device cum01, type linux'</msg>
<msg timestamp="20220412 07:44:38.999" level="INFO">kwargs: {}</msg>
<msg timestamp="20220412 07:44:39.492" level="INFO">2022-04-12 07:44:39,004: %UNICON-INFO: +++ cum01 logfile /tmp/cum01-cli-20220412T074439002.log +++

2022-04-12 07:44:39,005: %UNICON-INFO: +++ Unicon plugin linux (unicon.plugins.linux) +++

2022-04-12 07:44:39,010: %UNICON-INFO: +++ connection to spawn: ssh -l root 172.17.0.3 -p 22, id: 140280227164000 +++

2022-04-12 07:44:39,011: %UNICON-INFO: connection to cum01
root@172.17.0.3's password: 
Linux leaf01 5.10.104-linuxkit #1 SMP Wed Mar 9 19:05:23 UTC 2022 x86_64
Last login: Tue Apr 12 07:44:38 2022 from 172.17.0.4
root@leaf01:~# 

2022-04-12 07:44:39,419: %UNICON-INFO: +++ initializing handle +++</msg>
<status status="PASS" starttime="20220412 07:44:38.997" endtime="20220412 07:44:39.492"/>
</kw>
<status status="PASS" starttime="20220412 07:44:38.980" endtime="20220412 07:44:39.494"/>
</test>
<test id="s1-t2" name="Check Hostname">
<kw name="execute &quot;net show system&quot; on device &quot;cum01&quot;" library="unicon.robot.UniconRobot" sourcename="execute &quot;${command}&quot; on device &quot;${device:[^&quot;]+}&quot;">
<var>${res_system}</var>
<doc>Execute command on a specific device. "device" name is the name
of the device from the testbed file</doc>
<msg timestamp="20220412 07:44:39.499" level="INFO">Executing command net show system on device cum01 alias None</msg>
<msg timestamp="20220412 07:44:39.842" level="INFO">2022-04-12 07:44:39,570: %UNICON-INFO: +++ cum01 with via 'cli': executing command 'net show system' +++
net show system
Hostname......... leaf01
Build............ Cumulus Linux 4.3.0
Uptime........... 4:38:29.660000
 
Model............ Cumulus VX
Memory........... 4GB
Vendor Name...... Cumulus Networks
Part Number...... 4.3.0
Base MAC Address. 02:42:AC:11:00:03
Serial Number.... 02:42:AC:11:00:03
Product Name..... Containerised VX 
root@leaf01:~#</msg>
<msg timestamp="20220412 07:44:39.842" level="INFO">${res_system} = Hostname......... leaf01
Build............ Cumulus Linux 4.3.0
Uptime........... 4:38:29.660000
 
Model............ Cumulus VX
Memory........... 4GB
Vendor Name...... Cumulus Networks
Part Numb...</msg>
<status status="PASS" starttime="20220412 07:44:39.498" endtime="20220412 07:44:39.843"/>
</kw>
<kw name="Log To Console" library="BuiltIn">
<arg>${res_system}</arg>
<doc>Logs the given message to the console.</doc>
<status status="PASS" starttime="20220412 07:44:39.844" endtime="20220412 07:44:39.845"/>
</kw>
<kw name="Should Contain" library="BuiltIn">
<arg>${res_system}</arg>
<arg>${hostname}</arg>
<doc>Fails if ``container`` does not contain ``item`` one or more times.</doc>
<status status="PASS" starttime="20220412 07:44:39.846" endtime="20220412 07:44:39.847"/>
</kw>
<status status="PASS" starttime="20220412 07:44:39.495" endtime="20220412 07:44:39.848"/>
</test>
<test id="s1-t3" name="Check Interface">
<kw name="execute &quot;net show interface&quot; on device &quot;cum01&quot;" library="unicon.robot.UniconRobot" sourcename="execute &quot;${command}&quot; on device &quot;${device:[^&quot;]+}&quot;">
<var>${res_int}</var>
<doc>Execute command on a specific device. "device" name is the name
of the device from the testbed file</doc>
<msg timestamp="20220412 07:44:39.853" level="INFO">Executing command net show interface on device cum01 alias None</msg>
<msg timestamp="20220412 07:44:40.102" level="INFO">2022-04-12 07:44:39,930: %UNICON-INFO: +++ cum01 with via 'cli': executing command 'net show interface' +++
net show interface
State  Name  Spd  MTU    Mode      LLDP  Summary
-----  ----  ---  -----  --------  ----  -----------------
UP     lo    N/A  65536  Loopback        IP: 127.0.0.1/8
UP     eth0  10G  1500   Mgmt            IP: 172.17.0.3/16

root@leaf01:~#</msg>
<msg timestamp="20220412 07:44:40.102" level="INFO">${res_int} = State  Name  Spd  MTU    Mode      LLDP  Summary
-----  ----  ---  -----  --------  ----  -----------------
UP     lo    N/A  65536  Loopback        IP: 127.0.0.1/8
UP     eth0  10G  1500   Mgmt   ...</msg>
<status status="PASS" starttime="20220412 07:44:39.852" endtime="20220412 07:44:40.102"/>
</kw>
<kw name="Log To Console" library="BuiltIn">
<arg>${res_int}</arg>
<doc>Logs the given message to the console.</doc>
<status status="PASS" starttime="20220412 07:44:40.104" endtime="20220412 07:44:40.105"/>
</kw>
<kw name="Should Contain" library="BuiltIn">
<arg>${res_int}</arg>
<arg>${mgmt_ip}</arg>
<doc>Fails if ``container`` does not contain ``item`` one or more times.</doc>
<status status="PASS" starttime="20220412 07:44:40.106" endtime="20220412 07:44:40.107"/>
</kw>
<status status="PASS" starttime="20220412 07:44:39.850" endtime="20220412 07:44:40.108"/>
</test>
<status status="PASS" starttime="20220412 07:44:37.021" endtime="20220412 07:44:40.110"/>
</suite>
<statistics>
<total>
<stat pass="3" fail="0" skip="0">All Tests</stat>
</total>
<tag>
</tag>
<suite>
<stat pass="3" fail="0" skip="0" id="s1" name="01 Verify Info">01 Verify Info</stat>
</suite>
</statistics>
<errors>
</errors>
</robot>
